<?xml version="1.0" encoding="UTF-8"?>
<robot generator="Robot 7.2.2 (Python 3.13.2 on win32)" generated="2025-03-14T11:59:29.307505" rpa="false" schemaversion="5">
<suite id="s1" name="Tests" source="c:\Users\Administrateur\Desktop\Appium_Demo\Tests\tests.robot">
<test id="s1-t1" name="Test 1" line="9">
<kw name="Open" owner="lancement_mobile" type="SETUP">
<kw name="Open Application" owner="AppiumLibrary">
<arg>${REMOTE_URL}</arg>
<arg>platformName=${PLATFORM_NAME}</arg>
<arg>platformVersion=${PLATFORM_VERSION}</arg>
<arg>deviceName=${DEVICE_NAME}</arg>
<arg>appPackage=${APP_PACKAGE}</arg>
<arg>appActivity=${APP_ACTIVITY}</arg>
<arg>automationName=${AUTOMATION_NAME}</arg>
<doc>Opens a new application to given Appium server.
Capabilities of appium server, Android and iOS,
Please check https://appium.io/docs/en/2.1/cli/args/
| *Option*            | *Man.* | *Description*     |
| remote_url          | Yes    | Appium server url |
| alias               | no     | alias             |
| strict_ssl          | No     | allows you to send commands to an invalid certificate host like a self-signed one. |</doc>
<status status="PASS" start="2025-03-14T11:59:29.460384" elapsed="6.294506"/>
</kw>
<status status="PASS" start="2025-03-14T11:59:29.459853" elapsed="6.295309"/>
</kw>
<kw name="Calculator" owner="calculator">
<kw name="Click Element" owner="AppiumLibrary">
<msg time="2025-03-14T11:59:35.757667" level="INFO">Clicking element 'id=com.google.android.calculator:id/digit_1'.</msg>
<msg time="2025-03-14T11:59:37.629939" level="INFO">criteria is com.google.android.calculator:id/digit_1</msg>
<arg>id=com.google.android.calculator:id/digit_1</arg>
<doc>Click element identified by `locator`.</doc>
<status status="PASS" start="2025-03-14T11:59:35.756351" elapsed="1.873824"/>
</kw>
<kw name="Click Element" owner="AppiumLibrary">
<msg time="2025-03-14T11:59:37.631030" level="INFO">Clicking element 'id=com.google.android.calculator:id/op_add'.</msg>
<msg time="2025-03-14T11:59:38.208960" level="INFO">criteria is com.google.android.calculator:id/op_add</msg>
<arg>id=com.google.android.calculator:id/op_add</arg>
<doc>Click element identified by `locator`.</doc>
<status status="PASS" start="2025-03-14T11:59:37.630328" elapsed="0.578834"/>
</kw>
<kw name="Click Element" owner="AppiumLibrary">
<msg time="2025-03-14T11:59:38.210176" level="INFO">Clicking element 'id=com.google.android.calculator:id/digit_9'.</msg>
<msg time="2025-03-14T11:59:38.815382" level="INFO">criteria is com.google.android.calculator:id/digit_9</msg>
<arg>id=com.google.android.calculator:id/digit_9</arg>
<doc>Click element identified by `locator`.</doc>
<status status="PASS" start="2025-03-14T11:59:38.209369" elapsed="0.606212"/>
</kw>
<kw name="Click Element" owner="AppiumLibrary">
<msg time="2025-03-14T11:59:38.816484" level="INFO">Clicking element 'id=com.google.android.calculator:id/eq'.</msg>
<msg time="2025-03-14T11:59:39.597154" level="INFO">criteria is com.google.android.calculator:id/eq</msg>
<arg>id=com.google.android.calculator:id/eq</arg>
<doc>Click element identified by `locator`.</doc>
<status status="PASS" start="2025-03-14T11:59:38.815724" elapsed="0.781650"/>
</kw>
<kw name="Element Text Should Be" owner="AppiumLibrary">
<msg time="2025-03-14T11:59:39.598414" level="INFO">Verifying element 'id=com.google.android.calculator:id/result_final' contains exactly text '10'.</msg>
<msg time="2025-03-14T11:59:39.647970" level="INFO">criteria is com.google.android.calculator:id/result_final</msg>
<arg>id=com.google.android.calculator:id/result_final</arg>
<arg>10</arg>
<doc>Verifies element identified by ``locator`` exactly contains text ``expected``.</doc>
<status status="PASS" start="2025-03-14T11:59:39.597551" elapsed="0.050637"/>
</kw>
<kw name="Log To Console" owner="BuiltIn">
<arg>Le resultat affiché est : ${result}</arg>
<doc>Logs the given message to the console.</doc>
<status status="PASS" start="2025-03-14T11:59:39.648370" elapsed="0.000403"/>
</kw>
<status status="PASS" start="2025-03-14T11:59:35.755816" elapsed="3.893083"/>
</kw>
<status status="PASS" start="2025-03-14T11:59:29.459068" elapsed="10.190102"/>
</test>
<status status="PASS" start="2025-03-14T11:59:29.310562" elapsed="10.339782"/>
</suite>
<statistics>
<total>
<stat pass="1" fail="0" skip="0">All Tests</stat>
</total>
<tag>
</tag>
<suite>
<stat name="Tests" id="s1" pass="1" fail="0" skip="0">Tests</stat>
</suite>
</statistics>
<errors>
</errors>
</robot>
