<?xml version="1.0" encoding="UTF-8"?>
<robot generator="Robot 7.2.2 (Python 3.13.2 on win32)" generated="2025-03-14T12:05:41.257256" rpa="false" schemaversion="5">
<suite id="s1" name="Tests" source="c:\Users\Administrateur\Desktop\Appium_Demo\Tests\tests.robot">
<test id="s1-t1" name="Test 1" line="9">
<kw name="Open" owner="lancement_mobile" type="SETUP">
<kw name="Open Application" owner="AppiumLibrary">
<arg>${REMOTE_URL}</arg>
<arg>platformName=${PLATFORM_NAME}</arg>
<arg>platformVersion=${PLATFORM_VERSION}</arg>
<arg>deviceName=${DEVICE_NAME}</arg>
<arg>appPackage=${APP_PACKAGE}</arg>
<arg>appActivity=${APP_ACTIVITY}</arg>
<arg>automationName=${AUTOMATION_NAME}</arg>
<doc>Opens a new application to given Appium server.
Capabilities of appium server, Android and iOS,
Please check https://appium.io/docs/en/2.1/cli/args/
| *Option*            | *Man.* | *Description*     |
| remote_url          | Yes    | Appium server url |
| alias               | no     | alias             |
| strict_ssl          | No     | allows you to send commands to an invalid certificate host like a self-signed one. |</doc>
<status status="PASS" start="2025-03-14T12:05:41.422604" elapsed="6.258544"/>
</kw>
<status status="PASS" start="2025-03-14T12:05:41.422050" elapsed="6.259331"/>
</kw>
<kw name="Calculator" owner="calculator">
<kw name="Click Element" owner="AppiumLibrary">
<msg time="2025-03-14T12:05:47.683609" level="INFO">Clicking element 'id=com.google.android.calculator:id/digit_1'.</msg>
<msg time="2025-03-14T12:05:49.561868" level="INFO">criteria is com.google.android.calculator:id/digit_1</msg>
<arg>id=com.google.android.calculator:id/digit_1</arg>
<doc>Click element identified by `locator`.</doc>
<status status="PASS" start="2025-03-14T12:05:47.682393" elapsed="1.879736"/>
</kw>
<kw name="Click Element" owner="AppiumLibrary">
<msg time="2025-03-14T12:05:49.563071" level="INFO">Clicking element 'id=com.google.android.calculator:id/op_add'.</msg>
<msg time="2025-03-14T12:05:50.146879" level="INFO">criteria is com.google.android.calculator:id/op_add</msg>
<arg>id=com.google.android.calculator:id/op_add</arg>
<doc>Click element identified by `locator`.</doc>
<status status="PASS" start="2025-03-14T12:05:49.562313" elapsed="0.584784"/>
</kw>
<kw name="Click Element" owner="AppiumLibrary">
<msg time="2025-03-14T12:05:50.148012" level="INFO">Clicking element 'id=com.google.android.calculator:id/digit_9'.</msg>
<msg time="2025-03-14T12:05:50.751101" level="INFO">criteria is com.google.android.calculator:id/digit_9</msg>
<arg>id=com.google.android.calculator:id/digit_9</arg>
<doc>Click element identified by `locator`.</doc>
<status status="PASS" start="2025-03-14T12:05:50.147256" elapsed="0.604055"/>
</kw>
<kw name="Click Element" owner="AppiumLibrary">
<msg time="2025-03-14T12:05:50.752294" level="INFO">Clicking element 'id=com.google.android.calculator:id/eq'.</msg>
<msg time="2025-03-14T12:05:51.547613" level="INFO">criteria is com.google.android.calculator:id/eq</msg>
<arg>id=com.google.android.calculator:id/eq</arg>
<doc>Click element identified by `locator`.</doc>
<status status="PASS" start="2025-03-14T12:05:50.751486" elapsed="0.796365"/>
</kw>
<kw name="Wait Until Element Is Visible" owner="AppiumLibrary">
<msg time="2025-03-14T12:05:51.607909" level="INFO">criteria is com.google.android.calculator:id/result_final</msg>
<arg>id=com.google.android.calculator:id/result_final</arg>
<arg>timeout=10s</arg>
<doc>Waits until element specified with `locator` is visible.</doc>
<status status="PASS" start="2025-03-14T12:05:51.548093" elapsed="0.059996"/>
</kw>
<kw name="Log To Console" owner="BuiltIn">
<arg>Le résultat affiché est : ${result}</arg>
<doc>Logs the given message to the console.</doc>
<status status="PASS" start="2025-03-14T12:05:51.608241" elapsed="0.000431"/>
</kw>
<status status="PASS" start="2025-03-14T12:05:47.681903" elapsed="3.926974"/>
</kw>
<status status="PASS" start="2025-03-14T12:05:41.421335" elapsed="10.188043"/>
</test>
<status status="PASS" start="2025-03-14T12:05:41.260722" elapsed="10.350066"/>
</suite>
<statistics>
<total>
<stat pass="1" fail="0" skip="0">All Tests</stat>
</total>
<tag>
</tag>
<suite>
<stat name="Tests" id="s1" pass="1" fail="0" skip="0">Tests</stat>
</suite>
</statistics>
<errors>
</errors>
</robot>
